
ROM used:   1800/88064 (2%)
            1800/88064 (2%) including unused fragments

            1.1 Average locations per line
            15.3 Average locations per statement

RAM used:   142/16384 (1%) at main() level
            190/16384 (1%) worst case

Stack used: 58 worst case (20 in main + 38 for interrupts)
Stack size: 128

Lines Stmts  %   Files
----- ----- ---  -----
    6     0   0  $linker.c
   28    15  13  pruebaadc.c
   59     0   0  lcd.h
   12     0   0  common.h
 1228     0   0  33FJ128MC804.h
   26     0   0  adc.h
   68     0   0  Header.h
   18     0   0  algoritmo.h
   40     8   7  adc.c
  146    59  50  lcd.c
   78    36  31  algoritmo.c
----- -----
 1709   118 Total

Page ROM  %  RAM    Vol Diff  Functions:
---- --- --- ---    --- ----  ----------
0     16   0    0             @delay_ms1
0    188   5   12    354  3.2  main
0     14   0    0             @SPRINTF
0    304   8    0             @PRINTFD16_866
0     36   1    0     21  0.9  isr_adc
0     32   1    0    149  2.2  adcinit
0    136   4    0    516  1.9  lcdi2cinit
0     24   1    1             @I2C_WRITEU_129
0     52   1    1     92  1.3  LCD_command
0     92   3    4    206  4.1  LCD_write
0     32   1    3     83  3.5  LCD_cursor_at
0    136   4   41    255  2.9  initmenu
0     42   1   12     79  2.3  display_valueADC_title
0    184   5   28   1551  9.2  algoritmo
 Inline         0             @cinit1

Program metrics:
    Functions               10
    Statements              118
    Comments                41
    Volume (V)              4906
    Difficulty (D)          31.7
    Effort to implement (E) 155339
    Time to implement (T)   2 hours, 24 minutes
    Est Delivered Bugs (B)  1
    Cyclomatic Complexity   7
    Maintainability (MI)    99

 Segment     Used  Free
-----------  ----  ----
00000-00002     4  0  
00004-001FE   508  0  
00200-0FFFE  1288  63736  
10000-157FE     0  22528  



