
ROM used:   4320/88064 (5%)
            4320/88064 (5%) including unused fragments

            1.6 Average locations per line
            7.9 Average locations per statement

RAM used:   13364/16294 (82%) at main() level
            13433/16294 (82%) worst case

Stack used: 76 worst case (20 in main + 56 for interrupts)
Stack size: 160

Lines Stmts  %   Files
----- ----- ---  -----
    8     0   0  $linker.c
   29     4   1  adc.c
   25     0   0  adc.h
   14     0   0  common.h
 1234     0   0  33FJ128MC804.h
   62     0   0  lcd.h
   74     0   0  Header.h
   21     0   0  algoritmo.h
   19     0   0  BEEP.h
   20     0   0  SD_Card.h
  455   205  37  miFAT.h
  185   118  21  sdcard.h
   11     0   0  BLUETOOTH.h
  106    50   9  algoritmo.c
   49    19   3  BEEP.c
   31    20   4  BLUETOOTH.c
  164    70  13  lcd.c
  171    64  12  main.c
----- -----
 2678   550 Total

Page ROM  %  RAM    Vol Diff  Functions:
---- --- --- ---    --- ----  ----------
0     16   0    0             @delay_ms1
0     24   0    0     96  2.1  adcinit
0     68   1    2    282  3.7  init_algoritmo
0    242   3    2   1509  8.4  algoritmo
0     58   1  127             @ITOF
0    104   1   58             @FLT
0    202   2   58             @DIVFF
0    426   5   58             @ADDFF
0     26   0    0    138  2.2  BEEP_Init
0     34   0    1    111  3.4  BEEP
0     84   1    0    233  5.0  isr_TIMER4
0    118   1    2    297  4.0  enviar_datos
0     54   1    0             @const1237
0     28   0    0             @const1238
0     26   0    0             @const1239
0    256   3    0             @PRINTFD16_115200_5779_5780
0    164   2    0    516  1.9  lcdi2cinit
0     24   0    1             @I2C_WRITEU_129
0     50   1    2     92  1.3  LCD_command
0    104   1    3    206  4.1  LCD_write
0     32   0    2     83  3.5  LCD_cursor_at
0    166   2   41    255  2.9  initmenu
0    212   2   58    305  2.9  display_frecuencia
0     72   1   18     99  2.4  display_alarma_bajo
0     82   1   21     99  2.4  display_alarma_alto
0     74   1   17     99  2.4  display_final
0     38   0    0     20  1.3  timer2_isr
0     34   0    0     18  1.0  timer5_isr
0    668   8   14   1728  7.8  MAIN
0     18   0    0             @SPRINTF
0    304   4    0             @PRINTFD16_1038
 Inline         0             @cinit1

Program metrics:
    Functions               19
    Statements              550
    Comments                100
    Volume (V)              10099
    Difficulty (D)          63.5
    Effort to implement (E) 641097
    Time to implement (T)   9 hours, 54 minutes
    Est Delivered Bugs (B)  2
    Cyclomatic Complexity   21
    Maintainability (MI)    64

 Segment     Used  Free
-----------  ----  ----
00000-00002     4  0  
00004-001FE   508  0  
00200-0FFFE  3808  61216  
10000-157FE     0  22528  



