Compiling F:\Industriales\Especialidad\SDM\Trabajo-EEC\main on 27-ene.-21 at 20:15
>>> Warning 240 "F:\Industriales\Especialidad\SDM\Trabajo-EEC\miFAT.h" Line 340(34,46): Pointer types do not match
>>> Warning 240 "F:\Industriales\Especialidad\SDM\Trabajo-EEC\miFAT.h" Line 342(35,47): Pointer types do not match
>>> Warning 240 "F:\Industriales\Especialidad\SDM\Trabajo-EEC\miFAT.h" Line 343(46,58): Pointer types do not match
>>> Warning 240 "F:\Industriales\Especialidad\SDM\Trabajo-EEC\miFAT.h" Line 347(33,45): Pointer types do not match
>>> Warning 240 "F:\Industriales\Especialidad\SDM\Trabajo-EEC\miFAT.h" Line 349(35,47): Pointer types do not match
>>> Warning 240 "F:\Industriales\Especialidad\SDM\Trabajo-EEC\miFAT.h" Line 350(46,58): Pointer types do not match
>>> Warning 240 "F:\Industriales\Especialidad\SDM\Trabajo-EEC\miFAT.h" Line 374(25,37): Pointer types do not match
>>> Warning 240 "F:\Industriales\Especialidad\SDM\Trabajo-EEC\miFAT.h" Line 387(25,37): Pointer types do not match
>>> Warning 202 "F:\Industriales\Especialidad\SDM\Trabajo-EEC\miFAT.h" Line 114(15,21): Variable never used:   yearLo
>>> Warning 202 "F:\Industriales\Especialidad\SDM\Trabajo-EEC\miFAT.h" Line 214(19,26): Variable never used:   ClstIni
>>> Warning 202 "F:\Industriales\Especialidad\SDM\Trabajo-EEC\miFAT.h" Line 216(19,26): Variable never used:   ClstNxt
>>> Warning 202 "F:\Industriales\Especialidad\SDM\Trabajo-EEC\miFAT.h" Line 217(19,28): Variable never used:   sctrClstr
>>> Warning 202 "F:\Industriales\Especialidad\SDM\Trabajo-EEC\miFAT.h" Line 218(19,26): Variable never used:   posSctr
>>> Warning 202 "F:\Industriales\Especialidad\SDM\Trabajo-EEC\miFAT.h" Line 219(19,27): Variable never used:   clstrSig
>>> Warning 202 "F:\Industriales\Especialidad\SDM\Trabajo-EEC\miFAT.h" Line 276(19,26): Variable never used:   ClstIni
>>> Warning 202 "F:\Industriales\Especialidad\SDM\Trabajo-EEC\miFAT.h" Line 278(19,26): Variable never used:   ClstNxt
>>> Warning 202 "F:\Industriales\Especialidad\SDM\Trabajo-EEC\miFAT.h" Line 279(19,28): Variable never used:   sctrClstr
>>> Warning 202 "F:\Industriales\Especialidad\SDM\Trabajo-EEC\miFAT.h" Line 280(19,26): Variable never used:   posSctr
>>> Warning 202 "F:\Industriales\Especialidad\SDM\Trabajo-EEC\miFAT.h" Line 281(19,27): Variable never used:   clstrSig
      Memory usage:   ROM=9%      RAM=18% - 18%
      0 Errors,  19 Warnings.
Build Successful.
