
ROM used:   3878/88064 (4%)
            3878/88064 (4%) including unused fragments

            1.5 Average locations per line
            7.2 Average locations per statement

RAM used:   2865/16294 (18%) at main() level
            2936/16294 (18%) worst case

Stack used: 76 worst case (20 in main + 56 for interrupts)
Stack size: 160

Lines Stmts  %   Files
----- ----- ---  -----
  172    64  12  main.c
 1234     0   0  33FJ128MC804.h
   15     0   0  common.h
   74     0   0  Header.h
   35     0   0  adc.h
  211    70  13  lcd.h
  124    50   9  algoritmo.h
   65     0   0  BEEP.h
   50    17   3  SD_Card.h
  455   205  38  miFAT.h
  185   118  22  sdcard.h
   34    18   3  BLUETOOTH.h
----- -----
 2654   542 Total

Page ROM  %  RAM    Vol Diff  Functions:
---- --- --- ---    --- ----  ----------
0     16   0    2             @delay_ms1
0     24   0    0    121  0.8  adcinit
0    136   2    0    516  1.9  lcdi2cinit
0     24   0    1             @I2C_WRITEU_1
0     52   1    1     92  1.3  LCD_command
0     92   1    7    206  4.1  LCD_write
0     32   0    5     83  3.5  LCD_cursor_at
0    136   2   40    255  2.9  initmenu
0    184   2   57    305  2.9  display_frecuencia
0     62   1   18     99  2.4  display_alarma_bajo
0     68   1   21     99  2.4  display_alarma_alto
0     60   1   17    107  1.7  display_final
0     26   0    0    138  2.2  BEEP_Init
0     24   0    1    111  3.4  BEEP
0     72   1    3    233  5.0  isr_TIMER4
0     60   1    5    282  3.7  init_algoritmo
0    240   3    5   1517  8.2  algoritmo
0     58   1    2             @ITOF
0    104   1    8             @FLT
0    202   3    8             @DIVFF
0    426   5    8             @ADDFF
0    110   1    2    276  3.9  enviar_datos
0     54   1    0             @const1059
0     28   0    0             @const1060
0     26   0    0             @const1061
0    256   3    0             @PRINTFD16_115200_5779_5780
0     38   0    0     20  1.3  timer2_isr
0     34   0    0     18  1.0  timer5_isr
0    404   5   14   1728  7.8  MAIN
0     14   0    1             @SPRINTF
0    304   4    0             @PRINTFD16_1083
 Inline         0             @cinit1

Program metrics:
    Functions               19
    Statements              542
    Comments                525
    Volume (V)              10124
    Difficulty (D)          60.2
    Effort to implement (E) 609577
    Time to implement (T)   9 hours, 24 minutes
    Est Delivered Bugs (B)  2
    Cyclomatic Complexity   21
    Maintainability (MI)    132

 Segment     Used  Free
-----------  ----  ----
00000-00002     4  0  
00004-001FE   508  0  
00200-0FFFE  3366  61658  
10000-157FE     0  22528  



